<?xml version="1.0" encoding="UTF-8"?>
<testng-results skipped="0" failed="0" ignored="0" total="1" passed="1">
  <reporter-output>
  </reporter-output>
  <suite name="Default suite" duration-ms="12353" started-at="2020-01-12T23:18:23 GMT" finished-at="2020-01-12T23:18:35 GMT">
    <groups>
    </groups>
    <test name="Default test" duration-ms="12353" started-at="2020-01-12T23:18:23 GMT" finished-at="2020-01-12T23:18:35 GMT">
      <class name="com.test.project.ChallengingDOM">
        <test-method status="PASS" signature="setup()[pri:0, instance:com.test.project.ChallengingDOM@35d176f7]" name="setup" is-config="true" duration-ms="11594" started-at="2020-01-12T23:18:23 GMT" finished-at="2020-01-12T23:18:34 GMT">
          <reporter-output>
          </reporter-output>
        </test-method> <!-- setup -->
        <test-method status="PASS" signature="displayAnswer()[pri:0, instance:com.test.project.ChallengingDOM@35d176f7]" name="displayAnswer" duration-ms="43" started-at="2020-01-12T23:18:34 GMT" finished-at="2020-01-12T23:18:34 GMT">
          <reporter-output>
          </reporter-output>
        </test-method> <!-- displayAnswer -->
        <test-method status="PASS" signature="tearDown()[pri:0, instance:com.test.project.ChallengingDOM@35d176f7]" name="tearDown" is-config="true" duration-ms="681" started-at="2020-01-12T23:18:34 GMT" finished-at="2020-01-12T23:18:35 GMT">
          <reporter-output>
          </reporter-output>
        </test-method> <!-- tearDown -->
      </class> <!-- com.test.project.ChallengingDOM -->
    </test> <!-- Default test -->
  </suite> <!-- Default suite -->
</testng-results>
